<?xml version="1.0" encoding="UTF-8"?>
<testsuite name="org.leetcode.tree.easy.RootEqualsSumOfChildren2236Test" tests="2" skipped="0" failures="0" errors="0" timestamp="2023-08-21T13:30:35" hostname="Sanchitas-MacBook-Pro.local" time="0.028">
  <properties/>
  <testcase name="testcase1()" classname="org.leetcode.tree.easy.RootEqualsSumOfChildren2236Test" time="0.023"/>
  <testcase name="testcase2()" classname="org.leetcode.tree.easy.RootEqualsSumOfChildren2236Test" time="0.002"/>
  <system-out><![CDATA[]]></system-out>
  <system-err><![CDATA[]]></system-err>
</testsuite>
